c:\users\sonny ponce\source\repos\gameprogrammingii\flappybird\tyrant\tyrant.dir\debug\cmake_pch.pch
c:\users\sonny ponce\source\repos\gameprogrammingii\flappybird\tyrant\tyrant.dir\debug\vc142.pdb
c:\users\sonny ponce\source\repos\gameprogrammingii\flappybird\tyrant\tyrant.dir\debug\cmake_pch.obj
c:\users\sonny ponce\source\repos\gameprogrammingii\flappybird\tyrant\tyrant.dir\debug\tyrant.obj
c:\users\sonny ponce\source\repos\gameprogrammingii\flappybird\tyrant\tyrant.dir\debug\level.obj
c:\users\sonny ponce\source\repos\gameprogrammingii\flappybird\tyrant\tyrant.dir\debug\entity.obj
c:\users\sonny ponce\source\repos\gameprogrammingii\flappybird\tyrant\tyrant.dir\debug\application.obj
c:\users\sonny ponce\source\repos\gameprogrammingii\flappybird\tyrant\tyrant.dir\debug\physicsmovementcomp.obj
c:\users\sonny ponce\source\repos\gameprogrammingii\flappybird\tyrant\tyrant.dir\debug\movementcomp.obj
c:\users\sonny ponce\source\repos\gameprogrammingii\flappybird\tyrant\tyrant.dir\debug\collsioncomp.obj
c:\users\sonny ponce\source\repos\gameprogrammingii\flappybird\tyrant\cmakefiles\generate.stamp
c:\users\sonny ponce\source\repos\gameprogrammingii\flappybird\tyrant\debug\tyrant.dll
c:\users\sonny ponce\source\repos\gameprogrammingii\flappybird\tyrant\debug\tyrant.ilk
c:\users\sonny ponce\source\repos\gameprogrammingii\flappybird\tyrant\debug\tyrant.pdb
c:\users\sonny ponce\source\repos\gameprogrammingii\flappybird\tyrant\debug\tyrant.lib
c:\users\sonny ponce\source\repos\gameprogrammingii\flappybird\tyrant\debug\tyrant.exp
c:\users\sonny ponce\source\repos\gameprogrammingii\flappybird\tyrant\tyrant.dir\debug\tyrant.tlog\cl.command.1.tlog
c:\users\sonny ponce\source\repos\gameprogrammingii\flappybird\tyrant\tyrant.dir\debug\tyrant.tlog\cl.read.1.tlog
c:\users\sonny ponce\source\repos\gameprogrammingii\flappybird\tyrant\tyrant.dir\debug\tyrant.tlog\cl.write.1.tlog
c:\users\sonny ponce\source\repos\gameprogrammingii\flappybird\tyrant\tyrant.dir\debug\tyrant.tlog\custombuild.command.1.tlog
c:\users\sonny ponce\source\repos\gameprogrammingii\flappybird\tyrant\tyrant.dir\debug\tyrant.tlog\custombuild.read.1.tlog
c:\users\sonny ponce\source\repos\gameprogrammingii\flappybird\tyrant\tyrant.dir\debug\tyrant.tlog\custombuild.write.1.tlog
c:\users\sonny ponce\source\repos\gameprogrammingii\flappybird\tyrant\tyrant.dir\debug\tyrant.tlog\link-cvtres.read.1.tlog
c:\users\sonny ponce\source\repos\gameprogrammingii\flappybird\tyrant\tyrant.dir\debug\tyrant.tlog\link-cvtres.write.1.tlog
c:\users\sonny ponce\source\repos\gameprogrammingii\flappybird\tyrant\tyrant.dir\debug\tyrant.tlog\link-rc.read.1.tlog
c:\users\sonny ponce\source\repos\gameprogrammingii\flappybird\tyrant\tyrant.dir\debug\tyrant.tlog\link-rc.write.1.tlog
c:\users\sonny ponce\source\repos\gameprogrammingii\flappybird\tyrant\tyrant.dir\debug\tyrant.tlog\link.10464-cvtres.read.1.tlog
c:\users\sonny ponce\source\repos\gameprogrammingii\flappybird\tyrant\tyrant.dir\debug\tyrant.tlog\link.10464-cvtres.write.1.tlog
c:\users\sonny ponce\source\repos\gameprogrammingii\flappybird\tyrant\tyrant.dir\debug\tyrant.tlog\link.10464-rc.read.1.tlog
c:\users\sonny ponce\source\repos\gameprogrammingii\flappybird\tyrant\tyrant.dir\debug\tyrant.tlog\link.10464-rc.write.1.tlog
c:\users\sonny ponce\source\repos\gameprogrammingii\flappybird\tyrant\tyrant.dir\debug\tyrant.tlog\link.10464.delete.1.tlog
c:\users\sonny ponce\source\repos\gameprogrammingii\flappybird\tyrant\tyrant.dir\debug\tyrant.tlog\link.10464.read.1.tlog
c:\users\sonny ponce\source\repos\gameprogrammingii\flappybird\tyrant\tyrant.dir\debug\tyrant.tlog\link.10464.read.2.tlog
c:\users\sonny ponce\source\repos\gameprogrammingii\flappybird\tyrant\tyrant.dir\debug\tyrant.tlog\link.10464.write.1.tlog
c:\users\sonny ponce\source\repos\gameprogrammingii\flappybird\tyrant\tyrant.dir\debug\tyrant.tlog\link.10484.delete.1.tlog
c:\users\sonny ponce\source\repos\gameprogrammingii\flappybird\tyrant\tyrant.dir\debug\tyrant.tlog\link.14488.delete.1.tlog
c:\users\sonny ponce\source\repos\gameprogrammingii\flappybird\tyrant\tyrant.dir\debug\tyrant.tlog\link.15828.delete.1.tlog
c:\users\sonny ponce\source\repos\gameprogrammingii\flappybird\tyrant\tyrant.dir\debug\tyrant.tlog\link.17836.delete.1.tlog
c:\users\sonny ponce\source\repos\gameprogrammingii\flappybird\tyrant\tyrant.dir\debug\tyrant.tlog\link.7332.delete.1.tlog
c:\users\sonny ponce\source\repos\gameprogrammingii\flappybird\tyrant\tyrant.dir\debug\tyrant.tlog\link.7668.delete.1.tlog
c:\users\sonny ponce\source\repos\gameprogrammingii\flappybird\tyrant\tyrant.dir\debug\tyrant.tlog\link.command.1.tlog
c:\users\sonny ponce\source\repos\gameprogrammingii\flappybird\tyrant\tyrant.dir\debug\tyrant.tlog\link.delete.1.tlog
c:\users\sonny ponce\source\repos\gameprogrammingii\flappybird\tyrant\tyrant.dir\debug\tyrant.tlog\link.read.1.tlog
c:\users\sonny ponce\source\repos\gameprogrammingii\flappybird\tyrant\tyrant.dir\debug\tyrant.tlog\link.read.3.tlog
c:\users\sonny ponce\source\repos\gameprogrammingii\flappybird\tyrant\tyrant.dir\debug\tyrant.tlog\link.write.1.tlog
c:\users\sonny ponce\source\repos\gameprogrammingii\flappybird\tyrant\tyrant.dir\debug\tyrant.tlog\tyrant.write.1u.tlog
