c:\users\sonny ponce\source\repos\gameprogrammingii\flappybird\flappybird.dir\debug\cmake_pch.pch
c:\users\sonny ponce\source\repos\gameprogrammingii\flappybird\flappybird.dir\debug\vc142.pdb
c:\users\sonny ponce\source\repos\gameprogrammingii\flappybird\flappybird.dir\debug\cmake_pch.obj
c:\users\sonny ponce\source\repos\gameprogrammingii\flappybird\flappybird.dir\debug\main.obj
c:\users\sonny ponce\source\repos\gameprogrammingii\flappybird\flappybird.dir\debug\maingamelevel.obj
c:\users\sonny ponce\source\repos\gameprogrammingii\flappybird\flappybird.dir\debug\flappybirdapp.obj
c:\users\sonny ponce\source\repos\gameprogrammingii\flappybird\flappybird.dir\debug\bird.obj
c:\users\sonny ponce\source\repos\gameprogrammingii\flappybird\flappybird.dir\debug\pipegenerator.obj
c:\users\sonny ponce\source\repos\gameprogrammingii\flappybird\flappybird.dir\debug\pipe.obj
c:\users\sonny ponce\source\repos\gameprogrammingii\flappybird\cmakefiles\generate.stamp
c:\users\sonny ponce\source\repos\gameprogrammingii\flappybird\debug\flappybird.exe
c:\users\sonny ponce\source\repos\gameprogrammingii\flappybird\debug\flappybird.ilk
c:\users\sonny ponce\source\repos\gameprogrammingii\flappybird\debug\flappybird.pdb
c:\users\sonny ponce\source\repos\gameprogrammingii\flappybird\flappybird.dir\debug\flappybird.tlog\cl.command.1.tlog
c:\users\sonny ponce\source\repos\gameprogrammingii\flappybird\flappybird.dir\debug\flappybird.tlog\cl.read.1.tlog
c:\users\sonny ponce\source\repos\gameprogrammingii\flappybird\flappybird.dir\debug\flappybird.tlog\cl.write.1.tlog
c:\users\sonny ponce\source\repos\gameprogrammingii\flappybird\flappybird.dir\debug\flappybird.tlog\custombuild.command.1.tlog
c:\users\sonny ponce\source\repos\gameprogrammingii\flappybird\flappybird.dir\debug\flappybird.tlog\custombuild.read.1.tlog
c:\users\sonny ponce\source\repos\gameprogrammingii\flappybird\flappybird.dir\debug\flappybird.tlog\custombuild.write.1.tlog
c:\users\sonny ponce\source\repos\gameprogrammingii\flappybird\flappybird.dir\debug\flappybird.tlog\link.command.1.tlog
c:\users\sonny ponce\source\repos\gameprogrammingii\flappybird\flappybird.dir\debug\flappybird.tlog\link.read.1.tlog
c:\users\sonny ponce\source\repos\gameprogrammingii\flappybird\flappybird.dir\debug\flappybird.tlog\link.write.1.tlog
